2025-10-20 19:50:34,578 [INFO] Iniciando modo DEMO com arquivo de sinais: data\sinais_web.txt
2025-10-20 19:50:34,578 [INFO] Criando sessão IQ_Option (DEMO) e conectando...
2025-10-20 19:50:34,578 [INFO] Aguardando 3 segundos para estabilizar conexao...
2025-10-20 19:50:37,595 [INFO] Tentando conectar...
2025-10-20 19:50:40,796 [INFO] Conexao estabelecida com sucesso!
2025-10-21 18:16:58,164 [INFO] Iniciando modo DEMO com arquivo de sinais: data\sinais_web.txt
2025-10-21 18:16:58,164 [INFO] Criando sessão IQ_Option (DEMO) e conectando...
2025-10-21 18:16:58,165 [INFO] Aguardando 3 segundos para estabilizar conexao...
2025-10-21 18:17:01,170 [INFO] Tentando conectar...
2025-10-21 18:17:04,252 [INFO] Conexao estabelecida com sucesso!
2025-10-21 18:25:41,349 [INFO] Iniciando modo DEMO com arquivo de sinais: data\sinais_web.txt
2025-10-21 18:25:41,349 [INFO] Criando sessão IQ_Option (DEMO) e conectando...
2025-10-21 18:25:41,349 [INFO] Aguardando 3 segundos para estabilizar conexao...
2025-10-21 18:25:44,351 [INFO] Tentando conectar...
2025-10-21 18:25:47,432 [INFO] Conexao estabelecida com sucesso!
2025-10-21 18:34:41,065 [INFO] Iniciando modo DEMO com arquivo de sinais: data\sinais_web.txt
2025-10-21 18:34:41,065 [INFO] Criando sessão IQ_Option (DEMO) e conectando...
2025-10-21 18:34:41,065 [INFO] Aguardando 3 segundos para estabilizar conexao...
2025-10-21 18:34:44,078 [INFO] Tentando conectar...
2025-10-21 18:34:47,046 [INFO] Conexao estabelecida com sucesso!
2025-10-21 18:38:03,466 [INFO] Iniciando modo DEMO com arquivo de sinais: data\sinais_web.txt
2025-10-21 18:38:03,466 [INFO] Criando sessão IQ_Option (DEMO) e conectando...
2025-10-21 18:38:03,467 [INFO] Aguardando 3 segundos para estabilizar conexao...
2025-10-21 18:38:06,468 [INFO] Tentando conectar...
2025-10-21 18:38:09,482 [INFO] Conexao estabelecida com sucesso!
2025-10-21 21:10:57,447 [INFO] Iniciando modo DEMO com arquivo de sinais: data\sinais_web.txt
2025-10-21 21:10:57,448 [INFO] Criando sessão IQ_Option (DEMO) e conectando...
2025-10-21 21:10:57,448 [INFO] Aguardando 3 segundos para estabilizar conexao...
2025-10-21 21:11:00,457 [INFO] Tentando conectar...
2025-10-21 21:11:03,510 [INFO] Conexao estabelecida com sucesso!
2025-10-21 21:14:42,752 [INFO] Iniciando modo DEMO com arquivo de sinais: data\sinais_web.txt
2025-10-21 21:14:42,752 [INFO] Criando sessão IQ_Option (DEMO) e conectando...
2025-10-21 21:14:42,752 [INFO] Aguardando 3 segundos para estabilizar conexao...
2025-10-21 21:14:45,769 [INFO] Tentando conectar...
2025-10-21 21:14:48,935 [INFO] Conexao estabelecida com sucesso!
2025-10-21 21:16:44,410 [INFO] Iniciando modo REAL com arquivo de sinais: data\sinais_web.txt
2025-10-21 21:16:44,410 [INFO] Criando sessão IQ_Option (REAL) e conectando...
2025-10-21 21:16:44,411 [INFO] Aguardando 3 segundos para estabilizar conexao...
2025-10-21 21:16:47,405 [INFO] Tentando conectar...
2025-10-21 21:16:50,407 [INFO] Conexao estabelecida com sucesso!
2025-10-23 07:31:34,887 [INFO] Iniciando modo DEMO com arquivo de sinais: data\sinais.txt
2025-10-23 07:31:34,889 [INFO] Criando sessão IQ_Option (DEMO) e conectando...
2025-10-23 07:31:34,889 [INFO] Aguardando 3 segundos para estabilizar conexao...
2025-10-23 07:31:37,900 [INFO] Tentando conectar...
2025-10-23 07:31:39,714 [INFO] Conexao estabelecida com sucesso!
